Arguments: 
  /Users/juliiankrispel/.nvm/versions/node/v8.10.0/bin/node /Users/juliiankrispel/.nvm/versions/node/v8.10.0/bin/yarn test

PATH: 
  /Users/juliiankrispel/.nvm/versions/node/v8.10.0/bin:/Users/juliiankrispel/.rbenv/shims:/usr/local/bin:/usr/bin:/bin:/usr/sbin:/sbin:/Users/juliiankrispel/bin:/Users/juliiankrispel/Go/bin:/usr/local/opt/go/libexec/bin:/Users/juliiankrispel/depot_tools

Yarn version: 
  1.5.1

Node version: 
  8.10.0

Platform: 
  darwin x64

npm manifest: 
  {
    "name": "draft-js-mention-plugin",
    "version": "3.1.2",
    "description": "Mention Plugin for DraftJS",
    "author": {
      "name": "Nik Graf",
      "email": "nik@nikgraf.com",
      "url": "http://www.nikgraf.com"
    },
    "repository": {
      "type": "git",
      "url": "https://github.com/draft-js-plugins/draft-js-plugins.git"
    },
    "main": "lib/index.js",
    "keywords": [
      "editor",
      "wysiwyg",
      "draft",
      "react",
      "ux",
      "components",
      "widget",
      "react-component"
    ],
    "scripts": {
      "clean": "../node_modules/.bin/rimraf lib",
      "build": "npm run clean && npm run build:js && npm run build:css",
      "build:js": "WEBPACK_CONFIG=$(pwd)/webpack.config.js BABEL_DISABLE_CACHE=1 BABEL_ENV=production NODE_ENV=production ../node_modules/.bin/babel --out-dir='lib' --ignore='__test__/*' src",
      "build:css": "node ../scripts/concatCssFiles $(pwd) && ../node_modules/.bin/rimraf lib-css",
      "prepublish": "npm run build"
    },
    "license": "MIT",
    "dependencies": {
      "decorate-component-with-props": "^1.0.2",
      "find-with-regex": "^1.1.3",
      "immutable": "~3.7.4",
      "prop-types": "^15.5.8",
      "lodash.escaperegexp": "^4.1.2",
      "union-class-names": "^1.0.0"
    },
    "peerDependencies": {
      "draft-js": "^0.10.1",
      "react": "^15.5.0 || ^16.0.0-rc",
      "react-dom": "^15.5.0 || ^16.0.0-rc"
    }
  }

yarn manifest: 
  No manifest

Lockfile: 
  No lockfile

Trace: 
  Error: Command "test" not found.
      at new MessageError (/Users/juliiankrispel/.nvm/versions/node/v8.10.0/lib/node_modules/yarn/lib/cli.js:186:110)
      at /Users/juliiankrispel/.nvm/versions/node/v8.10.0/lib/node_modules/yarn/lib/cli.js:87307:17
      at Generator.next (<anonymous>)
      at step (/Users/juliiankrispel/.nvm/versions/node/v8.10.0/lib/node_modules/yarn/lib/cli.js:98:30)
      at /Users/juliiankrispel/.nvm/versions/node/v8.10.0/lib/node_modules/yarn/lib/cli.js:116:14
      at new Promise (<anonymous>)
      at new F (/Users/juliiankrispel/.nvm/versions/node/v8.10.0/lib/node_modules/yarn/lib/cli.js:23451:28)
      at /Users/juliiankrispel/.nvm/versions/node/v8.10.0/lib/node_modules/yarn/lib/cli.js:95:12
      at runCommand (/Users/juliiankrispel/.nvm/versions/node/v8.10.0/lib/node_modules/yarn/lib/cli.js:87312:22)
      at Object.<anonymous> (/Users/juliiankrispel/.nvm/versions/node/v8.10.0/lib/node_modules/yarn/lib/cli.js:87412:14)
